This file contains any messages produced by compilers while
running configure, to aid debugging if configure makes a mistake.

It was created by pocketsphinx configure 0.8, which was
generated by GNU Autoconf 2.69.  Invocation command line was

  $ ./configure 

## --------- ##
## Platform. ##
## --------- ##

hostname = raspian
uname -m = armv6l
uname -r = 3.6.11+
uname -s = Linux
uname -v = #538 PREEMPT Fri Aug 30 20:42:08 BST 2013

/usr/bin/uname -p = unknown
/bin/uname -X     = unknown

/bin/arch              = unknown
/usr/bin/arch -k       = unknown
/usr/convex/getsysinfo = unknown
/usr/bin/hostinfo      = unknown
/bin/machine           = unknown
/usr/bin/oslevel       = unknown
/bin/universe          = unknown

PATH: /usr/local/sbin
PATH: /usr/local/bin
PATH: /usr/sbin
PATH: /usr/bin
PATH: /sbin
PATH: /bin


## ----------- ##
## Core tests. ##
## ----------- ##

configure:2510: checking for a BSD-compatible install
configure:2578: result: /usr/bin/install -c
configure:2589: checking whether build environment is sane
configure:2639: result: yes
configure:2780: checking for a thread-safe mkdir -p
configure:2819: result: /bin/mkdir -p
configure:2832: checking for gawk
configure:2862: result: no
configure:2832: checking for mawk
configure:2848: found /usr/bin/mawk
configure:2859: result: mawk
configure:2870: checking whether make sets $(MAKE)
configure:2892: result: yes
configure:2971: checking build system type
configure:2985: result: armv6l-unknown-linux-gnueabi
configure:3005: checking host system type
configure:3018: result: armv6l-unknown-linux-gnueabi
configure:3104: checking for gcc
configure:3120: found /usr/bin/gcc
configure:3131: result: gcc
configure:3360: checking for C compiler version
configure:3369: gcc --version >&5
gcc (Debian 4.6.3-14+rpi1) 4.6.3
Copyright (C) 2011 Free Software Foundation, Inc.
This is free software; see the source for copying conditions.  There is NO
warranty; not even for MERCHANTABILITY or FITNESS FOR A PARTICULAR PURPOSE.

configure:3380: $? = 0
configure:3369: gcc -v >&5
Using built-in specs.
COLLECT_GCC=gcc
COLLECT_LTO_WRAPPER=/usr/lib/gcc/arm-linux-gnueabihf/4.6/lto-wrapper
Target: arm-linux-gnueabihf
Configured with: ../src/configure -v --with-pkgversion='Debian 4.6.3-14+rpi1' --with-bugurl=file:///usr/share/doc/gcc-4.6/README.Bugs --enable-languages=c,c++,fortran,objc,obj-c++ --prefix=/usr --program-suffix=-4.6 --enable-shared --enable-linker-build-id --with-system-zlib --libexecdir=/usr/lib --without-included-gettext --enable-threads=posix --with-gxx-include-dir=/usr/include/c++/4.6 --libdir=/usr/lib --enable-nls --with-sysroot=/ --enable-clocale=gnu --enable-libstdcxx-debug --enable-libstdcxx-time=yes --enable-gnu-unique-object --enable-plugin --enable-objc-gc --disable-sjlj-exceptions --with-arch=armv6 --with-fpu=vfp --with-float=hard --enable-checking=release --build=arm-linux-gnueabihf --host=arm-linux-gnueabihf --target=arm-linux-gnueabihf
Thread model: posix
gcc version 4.6.3 (Debian 4.6.3-14+rpi1) 
configure:3380: $? = 0
configure:3369: gcc -V >&5
gcc: error: unrecognized option '-V'
gcc: fatal error: no input files
compilation terminated.
configure:3380: $? = 4
configure:3369: gcc -qversion >&5
gcc: error: unrecognized option '-qversion'
gcc: fatal error: no input files
compilation terminated.
configure:3380: $? = 4
configure:3400: checking whether the C compiler works
configure:3422: gcc -g -O2 -Wall   conftest.c  >&5
configure:3426: $? = 0
configure:3474: result: yes
configure:3477: checking for C compiler default output file name
configure:3479: result: a.out
configure:3485: checking for suffix of executables
configure:3492: gcc -o conftest -g -O2 -Wall   conftest.c  >&5
configure:3496: $? = 0
configure:3518: result: 
configure:3540: checking whether we are cross compiling
configure:3548: gcc -o conftest -g -O2 -Wall   conftest.c  >&5
configure:3552: $? = 0
configure:3559: ./conftest
configure:3563: $? = 0
configure:3578: result: no
configure:3583: checking for suffix of object files
configure:3605: gcc -c -g -O2 -Wall  conftest.c >&5
configure:3609: $? = 0
configure:3630: result: o
configure:3634: checking whether we are using the GNU C compiler
configure:3653: gcc -c -g -O2 -Wall  conftest.c >&5
configure:3653: $? = 0
configure:3662: result: yes
configure:3671: checking whether gcc accepts -g
configure:3691: gcc -c -g  conftest.c >&5
configure:3691: $? = 0
configure:3732: result: yes
configure:3749: checking for gcc option to accept ISO C89
configure:3812: gcc  -c -g -O2 -Wall  conftest.c >&5
configure:3812: $? = 0
configure:3825: result: none needed
configure:3856: checking for style of include used by make
configure:3884: result: GNU
configure:3910: checking dependency style of gcc
configure:4021: result: gcc3
configure:4082: checking how to print strings
configure:4109: result: printf
configure:4130: checking for a sed that does not truncate output
configure:4194: result: /bin/sed
configure:4212: checking for grep that handles long lines and -e
configure:4270: result: /bin/grep
configure:4275: checking for egrep
configure:4337: result: /bin/grep -E
configure:4342: checking for fgrep
configure:4404: result: /bin/grep -F
configure:4439: checking for ld used by gcc
configure:4506: result: /usr/bin/ld
configure:4513: checking if the linker (/usr/bin/ld) is GNU ld
configure:4528: result: yes
configure:4540: checking for BSD- or MS-compatible name lister (nm)
configure:4589: result: /usr/bin/nm -B
configure:4719: checking the name lister (/usr/bin/nm -B) interface
configure:4726: gcc -c -g -O2 -Wall  conftest.c >&5
configure:4729: /usr/bin/nm -B "conftest.o"
configure:4732: output
00000000 B some_variable
configure:4739: result: BSD nm
configure:4742: checking whether ln -s works
configure:4746: result: yes
configure:4754: checking the maximum length of command line arguments
configure:4884: result: 1572864
configure:4901: checking whether the shell understands some XSI constructs
configure:4911: result: yes
configure:4915: checking whether the shell understands "+="
configure:4921: result: yes
configure:4956: checking how to convert armv6l-unknown-linux-gnueabi file names to armv6l-unknown-linux-gnueabi format
configure:4996: result: func_convert_file_noop
configure:5003: checking how to convert armv6l-unknown-linux-gnueabi file names to toolchain format
configure:5023: result: func_convert_file_noop
configure:5030: checking for /usr/bin/ld option to reload object files
configure:5037: result: -r
configure:5111: checking for objdump
configure:5127: found /usr/bin/objdump
configure:5138: result: objdump
configure:5170: checking how to recognize dependent libraries
configure:5368: result: pass_all
configure:5453: checking for dlltool
configure:5483: result: no
configure:5513: checking how to associate runtime and link libraries
configure:5540: result: printf %s\n
configure:5601: checking for ar
configure:5617: found /usr/bin/ar
configure:5628: result: ar
configure:5665: checking for archiver @FILE support
configure:5682: gcc -c -g -O2 -Wall  conftest.c >&5
configure:5682: $? = 0
configure:5685: ar cru libconftest.a @conftest.lst >&5
configure:5688: $? = 0
configure:5693: ar cru libconftest.a @conftest.lst >&5
ar: conftest.o: No such file or directory
configure:5696: $? = 1
configure:5708: result: @
configure:5766: checking for strip
configure:5782: found /usr/bin/strip
configure:5793: result: strip
configure:5865: checking for ranlib
configure:5881: found /usr/bin/ranlib
configure:5892: result: ranlib
configure:5994: checking command to parse /usr/bin/nm -B output from gcc object
configure:6114: gcc -c -g -O2 -Wall  conftest.c >&5
configure:6117: $? = 0
configure:6121: /usr/bin/nm -B conftest.o \| sed -n -e 's/^.*[ ]\([ABCDGIRSTW][ABCDGIRSTW]*\)[ ][ ]*\([_A-Za-z][_A-Za-z0-9]*\)$/\1 \2 \2/p' | sed '/ __gnu_lto/d' \> conftest.nm
configure:6124: $? = 0
configure:6190: gcc -o conftest -g -O2 -Wall   conftest.c conftstm.o >&5
configure:6193: $? = 0
configure:6231: result: ok
configure:6268: checking for sysroot
configure:6298: result: no
configure:6554: checking for mt
configure:6570: found /bin/mt
configure:6581: result: mt
configure:6604: checking if mt is a manifest tool
configure:6610: mt '-?'
configure:6618: result: no
configure:7260: checking how to run the C preprocessor
configure:7291: gcc -E  conftest.c
configure:7291: $? = 0
configure:7305: gcc -E  conftest.c
conftest.c:9:28: fatal error: ac_nonexistent.h: No such file or directory
compilation terminated.
configure:7305: $? = 1
configure: failed program was:
| /* confdefs.h */
| #define PACKAGE_NAME "pocketsphinx"
| #define PACKAGE_TARNAME "pocketsphinx"
| #define PACKAGE_VERSION "0.8"
| #define PACKAGE_STRING "pocketsphinx 0.8"
| #define PACKAGE_BUGREPORT ""
| #define PACKAGE_URL ""
| /* end confdefs.h.  */
| #include <ac_nonexistent.h>
configure:7330: result: gcc -E
configure:7350: gcc -E  conftest.c
configure:7350: $? = 0
configure:7364: gcc -E  conftest.c
conftest.c:9:28: fatal error: ac_nonexistent.h: No such file or directory
compilation terminated.
configure:7364: $? = 1
configure: failed program was:
| /* confdefs.h */
| #define PACKAGE_NAME "pocketsphinx"
| #define PACKAGE_TARNAME "pocketsphinx"
| #define PACKAGE_VERSION "0.8"
| #define PACKAGE_STRING "pocketsphinx 0.8"
| #define PACKAGE_BUGREPORT ""
| #define PACKAGE_URL ""
| /* end confdefs.h.  */
| #include <ac_nonexistent.h>
configure:7393: checking for ANSI C header files
configure:7413: gcc -c -g -O2 -Wall  conftest.c >&5
configure:7413: $? = 0
configure:7486: gcc -o conftest -g -O2 -Wall   conftest.c  >&5
configure:7486: $? = 0
configure:7486: ./conftest
configure:7486: $? = 0
configure:7497: result: yes
configure:7510: checking for sys/types.h
configure:7510: gcc -c -g -O2 -Wall  conftest.c >&5
configure:7510: $? = 0
configure:7510: result: yes
configure:7510: checking for sys/stat.h
configure:7510: gcc -c -g -O2 -Wall  conftest.c >&5
configure:7510: $? = 0
configure:7510: result: yes
configure:7510: checking for stdlib.h
configure:7510: gcc -c -g -O2 -Wall  conftest.c >&5
configure:7510: $? = 0
configure:7510: result: yes
configure:7510: checking for string.h
configure:7510: gcc -c -g -O2 -Wall  conftest.c >&5
configure:7510: $? = 0
configure:7510: result: yes
configure:7510: checking for memory.h
configure:7510: gcc -c -g -O2 -Wall  conftest.c >&5
configure:7510: $? = 0
configure:7510: result: yes
configure:7510: checking for strings.h
configure:7510: gcc -c -g -O2 -Wall  conftest.c >&5
configure:7510: $? = 0
configure:7510: result: yes
configure:7510: checking for inttypes.h
configure:7510: gcc -c -g -O2 -Wall  conftest.c >&5
configure:7510: $? = 0
configure:7510: result: yes
configure:7510: checking for stdint.h
configure:7510: gcc -c -g -O2 -Wall  conftest.c >&5
configure:7510: $? = 0
configure:7510: result: yes
configure:7510: checking for unistd.h
configure:7510: gcc -c -g -O2 -Wall  conftest.c >&5
configure:7510: $? = 0
configure:7510: result: yes
configure:7524: checking for dlfcn.h
configure:7524: gcc -c -g -O2 -Wall  conftest.c >&5
configure:7524: $? = 0
configure:7524: result: yes
configure:7730: checking for objdir
configure:7745: result: .libs
configure:8016: checking if gcc supports -fno-rtti -fno-exceptions
configure:8034: gcc -c -g -O2 -Wall  -fno-rtti -fno-exceptions conftest.c >&5
cc1: warning: command line option '-fno-rtti' is valid for C++/ObjC++ but not for C [enabled by default]
configure:8038: $? = 0
configure:8051: result: no
configure:8378: checking for gcc option to produce PIC
configure:8385: result: -fPIC -DPIC
configure:8393: checking if gcc PIC flag -fPIC -DPIC works
configure:8411: gcc -c -g -O2 -Wall  -fPIC -DPIC -DPIC conftest.c >&5
configure:8415: $? = 0
configure:8428: result: yes
configure:8457: checking if gcc static flag -static works
configure:8485: result: yes
configure:8500: checking if gcc supports -c -o file.o
configure:8521: gcc -c -g -O2 -Wall  -o out/conftest2.o conftest.c >&5
configure:8525: $? = 0
configure:8547: result: yes
configure:8555: checking if gcc supports -c -o file.o
configure:8602: result: yes
configure:8635: checking whether the gcc linker (/usr/bin/ld) supports shared libraries
configure:9792: result: yes
configure:9829: checking whether -lc should be explicitly linked in
configure:9837: gcc -c -g -O2 -Wall  conftest.c >&5
configure:9840: $? = 0
configure:9855: gcc -shared  -fPIC -DPIC conftest.o  -v -Wl,-soname -Wl,conftest -o conftest 2\>\&1 \| /bin/grep  -lc  \>/dev/null 2\>\&1
configure:9858: $? = 0
configure:9872: result: no
configure:10032: checking dynamic linker characteristics
configure:10532: gcc -o conftest -g -O2 -Wall   -Wl,-rpath -Wl,/foo conftest.c  >&5
configure:10532: $? = 0
configure:10766: result: GNU/Linux ld.so
configure:10873: checking how to hardcode library paths into programs
configure:10898: result: immediate
configure:11438: checking whether stripping libraries is possible
configure:11443: result: yes
configure:11478: checking if libtool supports shared libraries
configure:11480: result: yes
configure:11483: checking whether to build shared libraries
configure:11504: result: yes
configure:11507: checking whether to build static libraries
configure:11511: result: yes
configure:11548: checking whether byte ordering is bigendian
configure:11563: gcc -c -g -O2 -Wall  conftest.c >&5
conftest.c:22:9: error: unknown type name 'not'
conftest.c:22:15: error: expected '=', ',', ';', 'asm' or '__attribute__' before 'universal'
conftest.c:22:15: error: unknown type name 'universal'
configure:11563: $? = 1
configure: failed program was:
| /* confdefs.h */
| #define PACKAGE_NAME "pocketsphinx"
| #define PACKAGE_TARNAME "pocketsphinx"
| #define PACKAGE_VERSION "0.8"
| #define PACKAGE_STRING "pocketsphinx 0.8"
| #define PACKAGE_BUGREPORT ""
| #define PACKAGE_URL ""
| #define STDC_HEADERS 1
| #define HAVE_SYS_TYPES_H 1
| #define HAVE_SYS_STAT_H 1
| #define HAVE_STDLIB_H 1
| #define HAVE_STRING_H 1
| #define HAVE_MEMORY_H 1
| #define HAVE_STRINGS_H 1
| #define HAVE_INTTYPES_H 1
| #define HAVE_STDINT_H 1
| #define HAVE_UNISTD_H 1
| #define HAVE_DLFCN_H 1
| #define LT_OBJDIR ".libs/"
| /* end confdefs.h.  */
| #ifndef __APPLE_CC__
| 	       not a universal capable compiler
| 	     #endif
| 	     typedef int dummy;
| 
configure:11608: gcc -c -g -O2 -Wall  conftest.c >&5
configure:11608: $? = 0
configure:11626: gcc -c -g -O2 -Wall  conftest.c >&5
conftest.c: In function 'main':
conftest.c:28:4: error: unknown type name 'not'
conftest.c:28:12: error: expected '=', ',', ';', 'asm' or '__attribute__' before 'endian'
configure:11626: $? = 1
configure: failed program was:
| /* confdefs.h */
| #define PACKAGE_NAME "pocketsphinx"
| #define PACKAGE_TARNAME "pocketsphinx"
| #define PACKAGE_VERSION "0.8"
| #define PACKAGE_STRING "pocketsphinx 0.8"
| #define PACKAGE_BUGREPORT ""
| #define PACKAGE_URL ""
| #define STDC_HEADERS 1
| #define HAVE_SYS_TYPES_H 1
| #define HAVE_SYS_STAT_H 1
| #define HAVE_STDLIB_H 1
| #define HAVE_STRING_H 1
| #define HAVE_MEMORY_H 1
| #define HAVE_STRINGS_H 1
| #define HAVE_INTTYPES_H 1
| #define HAVE_STDINT_H 1
| #define HAVE_UNISTD_H 1
| #define HAVE_DLFCN_H 1
| #define LT_OBJDIR ".libs/"
| /* end confdefs.h.  */
| #include <sys/types.h>
| 		#include <sys/param.h>
| 
| int
| main ()
| {
| #if BYTE_ORDER != BIG_ENDIAN
| 		 not big endian
| 		#endif
| 
|   ;
|   return 0;
| }
configure:11754: result: no
configure:11772: checking for long long
configure:11772: gcc -c -g -O2 -Wall  conftest.c >&5
configure:11772: $? = 0
configure:11772: gcc -c -g -O2 -Wall  conftest.c >&5
conftest.c: In function 'main':
conftest.c:57:24: error: expected expression before ')' token
configure:11772: $? = 1
configure: failed program was:
| /* confdefs.h */
| #define PACKAGE_NAME "pocketsphinx"
| #define PACKAGE_TARNAME "pocketsphinx"
| #define PACKAGE_VERSION "0.8"
| #define PACKAGE_STRING "pocketsphinx 0.8"
| #define PACKAGE_BUGREPORT ""
| #define PACKAGE_URL ""
| #define STDC_HEADERS 1
| #define HAVE_SYS_TYPES_H 1
| #define HAVE_SYS_STAT_H 1
| #define HAVE_STDLIB_H 1
| #define HAVE_STRING_H 1
| #define HAVE_MEMORY_H 1
| #define HAVE_STRINGS_H 1
| #define HAVE_INTTYPES_H 1
| #define HAVE_STDINT_H 1
| #define HAVE_UNISTD_H 1
| #define HAVE_DLFCN_H 1
| #define LT_OBJDIR ".libs/"
| /* end confdefs.h.  */
| #include <stdio.h>
| #ifdef HAVE_SYS_TYPES_H
| # include <sys/types.h>
| #endif
| #ifdef HAVE_SYS_STAT_H
| # include <sys/stat.h>
| #endif
| #ifdef STDC_HEADERS
| # include <stdlib.h>
| # include <stddef.h>
| #else
| # ifdef HAVE_STDLIB_H
| #  include <stdlib.h>
| # endif
| #endif
| #ifdef HAVE_STRING_H
| # if !defined STDC_HEADERS && defined HAVE_MEMORY_H
| #  include <memory.h>
| # endif
| # include <string.h>
| #endif
| #ifdef HAVE_STRINGS_H
| # include <strings.h>
| #endif
| #ifdef HAVE_INTTYPES_H
| # include <inttypes.h>
| #endif
| #ifdef HAVE_STDINT_H
| # include <stdint.h>
| #endif
| #ifdef HAVE_UNISTD_H
| # include <unistd.h>
| #endif
| int
| main ()
| {
| if (sizeof ((long long)))
| 	    return 0;
|   ;
|   return 0;
| }
configure:11772: result: yes
configure:11786: checking size of long long
configure:11791: gcc -o conftest -g -O2 -Wall   conftest.c  >&5
configure:11791: $? = 0
configure:11791: ./conftest
configure:11791: $? = 0
configure:11805: result: 8
configure:11817: checking for dup2
configure:11817: gcc -o conftest -g -O2 -Wall   conftest.c  >&5
configure:11817: $? = 0
configure:11817: result: yes
configure:11829: checking for pkg-config
configure:11845: found /usr/bin/pkg-config
configure:11857: result: yes
configure:11868: checking for doxygen
configure:11896: result: no
configure:11963: checking for pkg-config
configure:11981: found /usr/bin/pkg-config
configure:11993: result: /usr/bin/pkg-config
configure:12018: checking pkg-config is at least version 0.9.0
configure:12021: result: yes
configure:12032: checking for GStreamer
configure:12042: $PKG_CONFIG --exists --print-errors "gstreamer-$GST_MAJORMINOR >= 0.10.0
		       gstreamer-base-$GST_MAJORMINOR >= 0.10.0
		       gstreamer-plugins-base-$GST_MAJORMINOR >= 0.10.0"
Package gstreamer-0.10 was not found in the pkg-config search path.
Perhaps you should add the directory containing `gstreamer-0.10.pc'
to the PKG_CONFIG_PATH environment variable
No package 'gstreamer-0.10' found
Package gstreamer-base-0.10 was not found in the pkg-config search path.
Perhaps you should add the directory containing `gstreamer-base-0.10.pc'
to the PKG_CONFIG_PATH environment variable
No package 'gstreamer-base-0.10' found
Package gstreamer-plugins-base-0.10 was not found in the pkg-config search path.
Perhaps you should add the directory containing `gstreamer-plugins-base-0.10.pc'
to the PKG_CONFIG_PATH environment variable
No package 'gstreamer-plugins-base-0.10' found
configure:12047: $? = 1
configure:12066: $PKG_CONFIG --exists --print-errors "gstreamer-$GST_MAJORMINOR >= 0.10.0
		       gstreamer-base-$GST_MAJORMINOR >= 0.10.0
		       gstreamer-plugins-base-$GST_MAJORMINOR >= 0.10.0"
Package gstreamer-0.10 was not found in the pkg-config search path.
Perhaps you should add the directory containing `gstreamer-0.10.pc'
to the PKG_CONFIG_PATH environment variable
No package 'gstreamer-0.10' found
Package gstreamer-base-0.10 was not found in the pkg-config search path.
Perhaps you should add the directory containing `gstreamer-base-0.10.pc'
to the PKG_CONFIG_PATH environment variable
No package 'gstreamer-base-0.10' found
Package gstreamer-plugins-base-0.10 was not found in the pkg-config search path.
Perhaps you should add the directory containing `gstreamer-plugins-base-0.10.pc'
to the PKG_CONFIG_PATH environment variable
No package 'gstreamer-plugins-base-0.10' found
configure:12071: $? = 1
No package 'gstreamer-0.10' found
No package 'gstreamer-base-0.10' found
No package 'gstreamer-plugins-base-0.10' found
configure:12105: result: no
configure:12172: checking for sphinxbase in /root/rpi-vcha/sphinx_listener/../sphinxbase
configure:12180: result: no
configure:12172: checking for sphinxbase in /root/rpi-vcha/sphinx_listener/../sphinxbase-0.8
configure:12176: result: yes
configure:12305: checking for /root/rpi-vcha/sphinx_listener/../sphinxbase-0.8/include/sphinxbase/prim_type.h
configure:12319: result: yes
configure:12333: checking for /root/rpi-vcha/sphinx_listener/../sphinxbase-0.8/src/libsphinxbase/libsphinxbase.la
configure:12347: result: yes
configure:12543: creating ./config.status

## ---------------------- ##
## Running config.status. ##
## ---------------------- ##

This file was extended by pocketsphinx config.status 0.8, which was
generated by GNU Autoconf 2.69.  Invocation command line was

  CONFIG_FILES    = 
  CONFIG_HEADERS  = 
  CONFIG_LINKS    = 
  CONFIG_COMMANDS = 
  $ ./config.status 

on raspian

config.status:1029: creating pocketsphinx.pc
config.status:1029: creating Makefile
config.status:1029: creating include/Makefile
config.status:1029: creating src/Makefile
config.status:1029: creating src/libpocketsphinx/Makefile
config.status:1029: creating src/programs/Makefile
config.status:1029: creating src/gst-plugin/Makefile
config.status:1029: creating doc/Makefile
config.status:1029: creating doc/doxyfile
config.status:1029: creating model/Makefile
config.status:1029: creating model/hmm/Makefile
config.status:1029: creating model/lm/Makefile
config.status:1201: executing depfiles commands
config.status:1201: executing libtool commands

## ---------------- ##
## Cache variables. ##
## ---------------- ##

ac_cv_build=armv6l-unknown-linux-gnueabi
ac_cv_c_bigendian=no
ac_cv_c_compiler_gnu=yes
ac_cv_env_CC_set=
ac_cv_env_CC_value=
ac_cv_env_CFLAGS_set=
ac_cv_env_CFLAGS_value=
ac_cv_env_CPPFLAGS_set=
ac_cv_env_CPPFLAGS_value=
ac_cv_env_CPP_set=
ac_cv_env_CPP_value=
ac_cv_env_GStreamer_CFLAGS_set=
ac_cv_env_GStreamer_CFLAGS_value=
ac_cv_env_GStreamer_LIBS_set=
ac_cv_env_GStreamer_LIBS_value=
ac_cv_env_LDFLAGS_set=
ac_cv_env_LDFLAGS_value=
ac_cv_env_LIBS_set=
ac_cv_env_LIBS_value=
ac_cv_env_PKG_CONFIG_set=
ac_cv_env_PKG_CONFIG_value=
ac_cv_env_SphinxBase_CFLAGS_set=
ac_cv_env_SphinxBase_CFLAGS_value=
ac_cv_env_SphinxBase_LIBS_set=
ac_cv_env_SphinxBase_LIBS_value=
ac_cv_env_build_alias_set=
ac_cv_env_build_alias_value=
ac_cv_env_host_alias_set=
ac_cv_env_host_alias_value=
ac_cv_env_target_alias_set=
ac_cv_env_target_alias_value=
ac_cv_file__root_rpi_vcha_sphinx_listener____sphinxbase_0_8_include_sphinxbase_prim_type_h=yes
ac_cv_file__root_rpi_vcha_sphinx_listener____sphinxbase_0_8_src_libsphinxbase_libsphinxbase_la=yes
ac_cv_func_dup2=yes
ac_cv_header_dlfcn_h=yes
ac_cv_header_inttypes_h=yes
ac_cv_header_memory_h=yes
ac_cv_header_stdc=yes
ac_cv_header_stdint_h=yes
ac_cv_header_stdlib_h=yes
ac_cv_header_string_h=yes
ac_cv_header_strings_h=yes
ac_cv_header_sys_stat_h=yes
ac_cv_header_sys_types_h=yes
ac_cv_header_unistd_h=yes
ac_cv_host=armv6l-unknown-linux-gnueabi
ac_cv_objext=o
ac_cv_path_EGREP='/bin/grep -E'
ac_cv_path_FGREP='/bin/grep -F'
ac_cv_path_GREP=/bin/grep
ac_cv_path_SED=/bin/sed
ac_cv_path_ac_pt_PKG_CONFIG=/usr/bin/pkg-config
ac_cv_path_install='/usr/bin/install -c'
ac_cv_path_mkdir=/bin/mkdir
ac_cv_prog_AWK=mawk
ac_cv_prog_CPP='gcc -E'
ac_cv_prog_HAVE_DOXYGEN=no
ac_cv_prog_HAVE_PKGCONFIG=yes
ac_cv_prog_ac_ct_AR=ar
ac_cv_prog_ac_ct_CC=gcc
ac_cv_prog_ac_ct_MANIFEST_TOOL=mt
ac_cv_prog_ac_ct_OBJDUMP=objdump
ac_cv_prog_ac_ct_RANLIB=ranlib
ac_cv_prog_ac_ct_STRIP=strip
ac_cv_prog_cc_c89=
ac_cv_prog_cc_g=yes
ac_cv_prog_make_make_set=yes
ac_cv_sizeof_long_long=8
ac_cv_type_long_long=yes
am_cv_CC_dependencies_compiler_type=gcc3
lt_cv_ar_at_file=@
lt_cv_archive_cmds_need_lc=no
lt_cv_deplibs_check_method=pass_all
lt_cv_file_magic_cmd='$MAGIC_CMD'
lt_cv_file_magic_test_file=
lt_cv_ld_reload_flag=-r
lt_cv_nm_interface='BSD nm'
lt_cv_objdir=.libs
lt_cv_path_LD=/usr/bin/ld
lt_cv_path_NM='/usr/bin/nm -B'
lt_cv_path_mainfest_tool=no
lt_cv_prog_compiler_c_o=yes
lt_cv_prog_compiler_pic='-fPIC -DPIC'
lt_cv_prog_compiler_pic_works=yes
lt_cv_prog_compiler_rtti_exceptions=no
lt_cv_prog_compiler_static_works=yes
lt_cv_prog_gnu_ld=yes
lt_cv_sharedlib_from_linklib_cmd='printf %s\n'
lt_cv_shlibpath_overrides_runpath=no
lt_cv_sys_global_symbol_pipe='sed -n -e '\''s/^.*[	 ]\([ABCDGIRSTW][ABCDGIRSTW]*\)[	 ][	 ]*\([_A-Za-z][_A-Za-z0-9]*\)$/\1 \2 \2/p'\'' | sed '\''/ __gnu_lto/d'\'''
lt_cv_sys_global_symbol_to_c_name_address='sed -n -e '\''s/^: \([^ ]*\)[ ]*$/  {\"\1\", (void *) 0},/p'\'' -e '\''s/^[ABCDGIRSTW]* \([^ ]*\) \([^ ]*\)$/  {"\2", (void *) \&\2},/p'\'''
lt_cv_sys_global_symbol_to_c_name_address_lib_prefix='sed -n -e '\''s/^: \([^ ]*\)[ ]*$/  {\"\1\", (void *) 0},/p'\'' -e '\''s/^[ABCDGIRSTW]* \([^ ]*\) \(lib[^ ]*\)$/  {"\2", (void *) \&\2},/p'\'' -e '\''s/^[ABCDGIRSTW]* \([^ ]*\) \([^ ]*\)$/  {"lib\2", (void *) \&\2},/p'\'''
lt_cv_sys_global_symbol_to_cdecl='sed -n -e '\''s/^T .* \(.*\)$/extern int \1();/p'\'' -e '\''s/^[ABCDGIRSTW]* .* \(.*\)$/extern char \1;/p'\'''
lt_cv_sys_max_cmd_len=1572864
lt_cv_to_host_file_cmd=func_convert_file_noop
lt_cv_to_tool_file_cmd=func_convert_file_noop

## ----------------- ##
## Output variables. ##
## ----------------- ##

ACLOCAL='${SHELL} /root/rpi-vcha/sphinx_listener/missing --run aclocal-1.11'
AMDEPBACKSLASH='\'
AMDEP_FALSE='#'
AMDEP_TRUE=''
AMTAR='$${TAR-tar}'
AR='ar'
AUTOCONF='${SHELL} /root/rpi-vcha/sphinx_listener/missing --run autoconf'
AUTOHEADER='${SHELL} /root/rpi-vcha/sphinx_listener/missing --run autoheader'
AUTOMAKE='${SHELL} /root/rpi-vcha/sphinx_listener/missing --run automake-1.11'
AWK='mawk'
BUILD_DOXYGEN_FALSE=''
BUILD_DOXYGEN_TRUE='#'
BUILD_GST_FALSE=''
BUILD_GST_TRUE='#'
CC='gcc'
CCDEPMODE='depmode=gcc3'
CFLAGS='-g -O2 -Wall'
CPP='gcc -E'
CPPFLAGS='-I/root/rpi-vcha/sphinx_listener/../sphinxbase-0.8/include -I/root/rpi-vcha/sphinx_listener/../sphinxbase-0.8/include '
CYGPATH_W='echo'
DEFS='-DPACKAGE_NAME=\"pocketsphinx\" -DPACKAGE_TARNAME=\"pocketsphinx\" -DPACKAGE_VERSION=\"0.8\" -DPACKAGE_STRING=\"pocketsphinx\ 0.8\" -DPACKAGE_BUGREPORT=\"\" -DPACKAGE_URL=\"\" -DSTDC_HEADERS=1 -DHAVE_SYS_TYPES_H=1 -DHAVE_SYS_STAT_H=1 -DHAVE_STDLIB_H=1 -DHAVE_STRING_H=1 -DHAVE_MEMORY_H=1 -DHAVE_STRINGS_H=1 -DHAVE_INTTYPES_H=1 -DHAVE_STDINT_H=1 -DHAVE_UNISTD_H=1 -DHAVE_DLFCN_H=1 -DLT_OBJDIR=\".libs/\" -DHAVE_LONG_LONG=1 -DSIZEOF_LONG_LONG=8 -DHAVE_DUP2=1'
DEPDIR='.deps'
DLLTOOL='false'
DSYMUTIL=''
DUMPBIN=''
ECHO_C=''
ECHO_N='-n'
ECHO_T=''
EGREP='/bin/grep -E'
EXEEXT=''
FGREP='/bin/grep -F'
GREP='/bin/grep'
GST_CFLAGS=' '
GST_LIBS=''
GST_MAJORMINOR='0.10'
GST_PLUGIN_LDFLAGS='-module -avoid-version -export-symbols-regex _*\(gst_\|Gst\|GST_\).*'
GStreamer_CFLAGS=''
GStreamer_LIBS=''
HAVE_DOXYGEN='no'
HAVE_PKGCONFIG='yes'
INSTALL_DATA='${INSTALL} -m 644'
INSTALL_PROGRAM='${INSTALL}'
INSTALL_SCRIPT='${INSTALL}'
INSTALL_STRIP_PROGRAM='$(install_sh) -c -s'
LD='/usr/bin/ld'
LDFLAGS=' -L/root/rpi-vcha/sphinx_listener/../sphinxbase-0.8/src/libsphinxad 		  -L/root/rpi-vcha/sphinx_listener/../sphinxbase-0.8/src/libsphinxbase 		  -L/root/rpi-vcha/sphinx_listener/../sphinxbase-0.8/src/libsphinxbase/.libs'
LIBOBJS=''
LIBS=' -lsphinxbase'
LIBTOOL='$(SHELL) $(top_builddir)/libtool'
LIPO=''
LN_S='ln -s'
LTLIBOBJS=''
MAKEINFO='${SHELL} /root/rpi-vcha/sphinx_listener/missing --run makeinfo'
MANIFEST_TOOL=':'
MKDIR_P='/bin/mkdir -p'
NM='/usr/bin/nm -B'
NMEDIT=''
OBJDUMP='objdump'
OBJEXT='o'
OTOOL64=''
OTOOL=''
PACKAGE='pocketsphinx'
PACKAGE_BUGREPORT=''
PACKAGE_NAME='pocketsphinx'
PACKAGE_STRING='pocketsphinx 0.8'
PACKAGE_TARNAME='pocketsphinx'
PACKAGE_URL=''
PACKAGE_VERSION='0.8'
PATH_SEPARATOR=':'
PKG_CONFIG='/usr/bin/pkg-config'
RANLIB='ranlib'
SED='/bin/sed'
SET_MAKE=''
SHELL='/bin/bash'
STRIP='strip'
SphinxBase_CFLAGS=''
SphinxBase_LIBS=''
VERSION='0.8'
ac_ct_AR='ar'
ac_ct_CC='gcc'
ac_ct_DUMPBIN=''
am__EXEEXT_FALSE=''
am__EXEEXT_TRUE='#'
am__fastdepCC_FALSE='#'
am__fastdepCC_TRUE=''
am__include='include'
am__isrc=''
am__leading_dot='.'
am__nodep='_no'
am__quote=''
am__tar='$${TAR-tar} chof - "$$tardir"'
am__untar='$${TAR-tar} xf -'
bindir='${exec_prefix}/bin'
build='armv6l-unknown-linux-gnueabi'
build_alias=''
build_cpu='armv6l'
build_os='linux-gnueabi'
build_vendor='unknown'
datadir='${datarootdir}'
datarootdir='${prefix}/share'
docdir='${datarootdir}/doc/${PACKAGE_TARNAME}'
dvidir='${docdir}'
exec_prefix='${prefix}'
host='armv6l-unknown-linux-gnueabi'
host_alias=''
host_cpu='armv6l'
host_os='linux-gnueabi'
host_vendor='unknown'
htmldir='${docdir}'
includedir='${prefix}/include'
infodir='${datarootdir}/info'
install_sh='${SHELL} /root/rpi-vcha/sphinx_listener/install-sh'
libdir='${exec_prefix}/lib'
libexecdir='${exec_prefix}/libexec'
localedir='${datarootdir}/locale'
localstatedir='${prefix}/var'
mandir='${datarootdir}/man'
mkdir_p='/bin/mkdir -p'
oldincludedir='/usr/include'
pdfdir='${docdir}'
plugindir='$(libdir)/gstreamer-0.10'
prefix='/usr/local'
program_transform_name='s,x,x,'
psdir='${docdir}'
sbindir='${exec_prefix}/sbin'
sharedstatedir='${prefix}/com'
sphinxbase='/root/rpi-vcha/sphinx_listener/../sphinxbase-0.8'
sphinxbasebuild='/root/rpi-vcha/sphinx_listener/../sphinxbase-0.8'
sysconfdir='${prefix}/etc'
target_alias=''

## ----------- ##
## confdefs.h. ##
## ----------- ##

/* confdefs.h */
#define PACKAGE_NAME "pocketsphinx"
#define PACKAGE_TARNAME "pocketsphinx"
#define PACKAGE_VERSION "0.8"
#define PACKAGE_STRING "pocketsphinx 0.8"
#define PACKAGE_BUGREPORT ""
#define PACKAGE_URL ""
#define STDC_HEADERS 1
#define HAVE_SYS_TYPES_H 1
#define HAVE_SYS_STAT_H 1
#define HAVE_STDLIB_H 1
#define HAVE_STRING_H 1
#define HAVE_MEMORY_H 1
#define HAVE_STRINGS_H 1
#define HAVE_INTTYPES_H 1
#define HAVE_STDINT_H 1
#define HAVE_UNISTD_H 1
#define HAVE_DLFCN_H 1
#define LT_OBJDIR ".libs/"
#define HAVE_LONG_LONG 1
#define SIZEOF_LONG_LONG 8
#define HAVE_DUP2 1

configure: exit 0
